{"uuid":"7104d118-94b4-465a-acd7-9143a449d573","historyId":"9ab15a617015ee623581cab4b9ca96ff","testCaseId":"[engine:junit-jupiter]/[class:autotests.Playwright.PlaywrightTest]/[method:hoverTest()]","testCaseName":"hoverTest()","fullName":"autotests.Playwright.PlaywrightTest.hoverTest","labels":[{"name":"junit.platform.uniqueid","value":"[engine:junit-jupiter]/[class:autotests.Playwright.PlaywrightTest]/[method:hoverTest()]"},{"name":"host","value":"MSI"},{"name":"thread","value":"6576@MSI.main(1)"},{"name":"framework","value":"junit-platform"},{"name":"language","value":"java"},{"name":"package","value":"autotests.Playwright.PlaywrightTest"},{"name":"testClass","value":"autotests.Playwright.PlaywrightTest"},{"name":"testMethod","value":"hoverTest"},{"name":"suite","value":"autotests.Playwright.PlaywrightTest"}],"links":[],"name":"hoverTest()","status":"broken","statusDetails":{"known":false,"muted":false,"flaky":false,"message":"Error {\n  message='Unexpected token \"/\" while parsing selector \"/html/body/div[2]/div/ul/li[6]/a\"\n  name='Error\n  stack='Error: Unexpected token \"/\" while parsing selector \"/html/body/div[2]/div/ul/li[6]/a\"\n    at unexpected (C:\\Users\\njank\\AppData\\Local\\Temp\\playwright-java-9115028047206957122\\package\\lib\\utils\\isomorphic\\cssParser.js:68:12)\n    at consumeSimpleSelector (C:\\Users\\njank\\AppData\\Local\\Temp\\playwright-java-9115028047206957122\\package\\lib\\utils\\isomorphic\\cssParser.js:208:15)\n    at consumeComplexSelector (C:\\Users\\njank\\AppData\\Local\\Temp\\playwright-java-9115028047206957122\\package\\lib\\utils\\isomorphic\\cssParser.js:140:19)\n    at consumeArgument (C:\\Users\\njank\\AppData\\Local\\Temp\\playwright-java-9115028047206957122\\package\\lib\\utils\\isomorphic\\cssParser.js:120:12)\n    at consumeFunctionArguments (C:\\Users\\njank\\AppData\\Local\\Temp\\playwright-java-9115028047206957122\\package\\lib\\utils\\isomorphic\\cssParser.js:107:21)\n    at parseCSS (C:\\Users\\njank\\AppData\\Local\\Temp\\playwright-java-9115028047206957122\\package\\lib\\utils\\isomorphic\\cssParser.js:228:18)\n    at parseSelector (C:\\Users\\njank\\AppData\\Local\\Temp\\playwright-java-9115028047206957122\\package\\lib\\utils\\isomorphic\\selectorParser.js:50:49)\n    at splitSelectorByFrame (C:\\Users\\njank\\AppData\\Local\\Temp\\playwright-java-9115028047206957122\\package\\lib\\utils\\isomorphic\\selectorParser.js:99:20)\n    at FrameSelectors.resolveFrameForSelector (C:\\Users\\njank\\AppData\\Local\\Temp\\playwright-java-9115028047206957122\\package\\lib\\server\\frameSelectors.js:110:66)\n    at FrameSelectors.resolveInjectedForSelector (C:\\Users\\njank\\AppData\\Local\\Temp\\playwright-java-9115028047206957122\\package\\lib\\server\\frameSelectors.js:152:33)\n}\nCall log:\n- waiting for /html/body/div[2]/div/ul/li[6]/a\n","trace":"com.microsoft.playwright.PlaywrightException: Error {\n  message='Unexpected token \"/\" while parsing selector \"/html/body/div[2]/div/ul/li[6]/a\"\n  name='Error\n  stack='Error: Unexpected token \"/\" while parsing selector \"/html/body/div[2]/div/ul/li[6]/a\"\n    at unexpected (C:\\Users\\njank\\AppData\\Local\\Temp\\playwright-java-9115028047206957122\\package\\lib\\utils\\isomorphic\\cssParser.js:68:12)\n    at consumeSimpleSelector (C:\\Users\\njank\\AppData\\Local\\Temp\\playwright-java-9115028047206957122\\package\\lib\\utils\\isomorphic\\cssParser.js:208:15)\n    at consumeComplexSelector (C:\\Users\\njank\\AppData\\Local\\Temp\\playwright-java-9115028047206957122\\package\\lib\\utils\\isomorphic\\cssParser.js:140:19)\n    at consumeArgument (C:\\Users\\njank\\AppData\\Local\\Temp\\playwright-java-9115028047206957122\\package\\lib\\utils\\isomorphic\\cssParser.js:120:12)\n    at consumeFunctionArguments (C:\\Users\\njank\\AppData\\Local\\Temp\\playwright-java-9115028047206957122\\package\\lib\\utils\\isomorphic\\cssParser.js:107:21)\n    at parseCSS (C:\\Users\\njank\\AppData\\Local\\Temp\\playwright-java-9115028047206957122\\package\\lib\\utils\\isomorphic\\cssParser.js:228:18)\n    at parseSelector (C:\\Users\\njank\\AppData\\Local\\Temp\\playwright-java-9115028047206957122\\package\\lib\\utils\\isomorphic\\selectorParser.js:50:49)\n    at splitSelectorByFrame (C:\\Users\\njank\\AppData\\Local\\Temp\\playwright-java-9115028047206957122\\package\\lib\\utils\\isomorphic\\selectorParser.js:99:20)\n    at FrameSelectors.resolveFrameForSelector (C:\\Users\\njank\\AppData\\Local\\Temp\\playwright-java-9115028047206957122\\package\\lib\\server\\frameSelectors.js:110:66)\n    at FrameSelectors.resolveInjectedForSelector (C:\\Users\\njank\\AppData\\Local\\Temp\\playwright-java-9115028047206957122\\package\\lib\\server\\frameSelectors.js:152:33)\n}\nCall log:\n- waiting for /html/body/div[2]/div/ul/li[6]/a\n\r\n\tat com.microsoft.playwright.impl.WaitableResult.get(WaitableResult.java:54)\r\n\tat com.microsoft.playwright.impl.ChannelOwner.runUntil(ChannelOwner.java:120)\r\n\tat com.microsoft.playwright.impl.Connection.sendMessage(Connection.java:129)\r\n\tat com.microsoft.playwright.impl.ChannelOwner.sendMessage(ChannelOwner.java:106)\r\n\tat com.microsoft.playwright.impl.FrameImpl.hoverImpl(FrameImpl.java:482)\r\n\tat com.microsoft.playwright.impl.FrameImpl.lambda$hover$19(FrameImpl.java:473)\r\n\tat com.microsoft.playwright.impl.LoggingSupport.lambda$withLogging$0(LoggingSupport.java:36)\r\n\tat com.microsoft.playwright.impl.LoggingSupport.withLogging(LoggingSupport.java:47)\r\n\tat com.microsoft.playwright.impl.ChannelOwner.withLogging(ChannelOwner.java:89)\r\n\tat com.microsoft.playwright.impl.LoggingSupport.withLogging(LoggingSupport.java:35)\r\n\tat com.microsoft.playwright.impl.FrameImpl.hover(FrameImpl.java:473)\r\n\tat com.microsoft.playwright.impl.LocatorImpl.hover(LocatorImpl.java:319)\r\n\tat com.microsoft.playwright.Locator.hover(Locator.java:3660)\r\n\tat autotests.Playwright.PlaywrightTest.hoverTest(PlaywrightTest.java:37)\r\n\tat java.base/jdk.internal.reflect.NativeMethodAccessorImpl.invoke0(Native Method)\r\n\tat java.base/jdk.internal.reflect.NativeMethodAccessorImpl.invoke(NativeMethodAccessorImpl.java:77)\r\n\tat java.base/jdk.internal.reflect.DelegatingMethodAccessorImpl.invoke(DelegatingMethodAccessorImpl.java:43)\r\n\tat java.base/java.lang.reflect.Method.invoke(Method.java:568)\r\n\tat org.junit.platform.commons.util.ReflectionUtils.invokeMethod(ReflectionUtils.java:728)\r\n\tat org.junit.jupiter.engine.execution.MethodInvocation.proceed(MethodInvocation.java:60)\r\n\tat org.junit.jupiter.engine.execution.InvocationInterceptorChain$ValidatingInvocation.proceed(InvocationInterceptorChain.java:131)\r\n\tat org.junit.jupiter.engine.extension.TimeoutExtension.intercept(TimeoutExtension.java:156)\r\n\tat org.junit.jupiter.engine.extension.TimeoutExtension.interceptTestableMethod(TimeoutExtension.java:147)\r\n\tat org.junit.jupiter.engine.extension.TimeoutExtension.interceptTestMethod(TimeoutExtension.java:86)\r\n\tat org.junit.jupiter.engine.execution.InterceptingExecutableInvoker$ReflectiveInterceptorCall.lambda$ofVoidMethod$0(InterceptingExecutableInvoker.java:103)\r\n\tat org.junit.jupiter.engine.execution.InterceptingExecutableInvoker.lambda$invoke$0(InterceptingExecutableInvoker.java:93)\r\n\tat org.junit.jupiter.engine.execution.InvocationInterceptorChain$InterceptedInvocation.proceed(InvocationInterceptorChain.java:106)\r\n\tat org.junit.jupiter.engine.execution.InvocationInterceptorChain.proceed(InvocationInterceptorChain.java:64)\r\n\tat org.junit.jupiter.engine.execution.InvocationInterceptorChain.chainAndInvoke(InvocationInterceptorChain.java:45)\r\n\tat org.junit.jupiter.engine.execution.InvocationInterceptorChain.invoke(InvocationInterceptorChain.java:37)\r\n\tat org.junit.jupiter.engine.execution.InterceptingExecutableInvoker.invoke(InterceptingExecutableInvoker.java:92)\r\n\tat org.junit.jupiter.engine.execution.InterceptingExecutableInvoker.invoke(InterceptingExecutableInvoker.java:86)\r\n\tat org.junit.jupiter.engine.descriptor.TestMethodTestDescriptor.lambda$invokeTestMethod$7(TestMethodTestDescriptor.java:218)\r\n\tat org.junit.platform.engine.support.hierarchical.ThrowableCollector.execute(ThrowableCollector.java:73)\r\n\tat org.junit.jupiter.engine.descriptor.TestMethodTestDescriptor.invokeTestMethod(TestMethodTestDescriptor.java:214)\r\n\tat org.junit.jupiter.engine.descriptor.TestMethodTestDescriptor.execute(TestMethodTestDescriptor.java:139)\r\n\tat org.junit.jupiter.engine.descriptor.TestMethodTestDescriptor.execute(TestMethodTestDescriptor.java:69)\r\n\tat org.junit.platform.engine.support.hierarchical.NodeTestTask.lambda$executeRecursively$6(NodeTestTask.java:151)\r\n\tat org.junit.platform.engine.support.hierarchical.ThrowableCollector.execute(ThrowableCollector.java:73)\r\n\tat org.junit.platform.engine.support.hierarchical.NodeTestTask.lambda$executeRecursively$8(NodeTestTask.java:141)\r\n\tat org.junit.platform.engine.support.hierarchical.Node.around(Node.java:137)\r\n\tat org.junit.platform.engine.support.hierarchical.NodeTestTask.lambda$executeRecursively$9(NodeTestTask.java:139)\r\n\tat org.junit.platform.engine.support.hierarchical.ThrowableCollector.execute(ThrowableCollector.java:73)\r\n\tat org.junit.platform.engine.support.hierarchical.NodeTestTask.executeRecursively(NodeTestTask.java:138)\r\n\tat org.junit.platform.engine.support.hierarchical.NodeTestTask.execute(NodeTestTask.java:95)\r\n\tat java.base/java.util.ArrayList.forEach(ArrayList.java:1511)\r\n\tat org.junit.platform.engine.support.hierarchical.SameThreadHierarchicalTestExecutorService.invokeAll(SameThreadHierarchicalTestExecutorService.java:41)\r\n\tat org.junit.platform.engine.support.hierarchical.NodeTestTask.lambda$executeRecursively$6(NodeTestTask.java:155)\r\n\tat org.junit.platform.engine.support.hierarchical.ThrowableCollector.execute(ThrowableCollector.java:73)\r\n\tat org.junit.platform.engine.support.hierarchical.NodeTestTask.lambda$executeRecursively$8(NodeTestTask.java:141)\r\n\tat org.junit.platform.engine.support.hierarchical.Node.around(Node.java:137)\r\n\tat org.junit.platform.engine.support.hierarchical.NodeTestTask.lambda$executeRecursively$9(NodeTestTask.java:139)\r\n\tat org.junit.platform.engine.support.hierarchical.ThrowableCollector.execute(ThrowableCollector.java:73)\r\n\tat org.junit.platform.engine.support.hierarchical.NodeTestTask.executeRecursively(NodeTestTask.java:138)\r\n\tat org.junit.platform.engine.support.hierarchical.NodeTestTask.execute(NodeTestTask.java:95)\r\n\tat java.base/java.util.ArrayList.forEach(ArrayList.java:1511)\r\n\tat org.junit.platform.engine.support.hierarchical.SameThreadHierarchicalTestExecutorService.invokeAll(SameThreadHierarchicalTestExecutorService.java:41)\r\n\tat org.junit.platform.engine.support.hierarchical.NodeTestTask.lambda$executeRecursively$6(NodeTestTask.java:155)\r\n\tat org.junit.platform.engine.support.hierarchical.ThrowableCollector.execute(ThrowableCollector.java:73)\r\n\tat org.junit.platform.engine.support.hierarchical.NodeTestTask.lambda$executeRecursively$8(NodeTestTask.java:141)\r\n\tat org.junit.platform.engine.support.hierarchical.Node.around(Node.java:137)\r\n\tat org.junit.platform.engine.support.hierarchical.NodeTestTask.lambda$executeRecursively$9(NodeTestTask.java:139)\r\n\tat org.junit.platform.engine.support.hierarchical.ThrowableCollector.execute(ThrowableCollector.java:73)\r\n\tat org.junit.platform.engine.support.hierarchical.NodeTestTask.executeRecursively(NodeTestTask.java:138)\r\n\tat org.junit.platform.engine.support.hierarchical.NodeTestTask.execute(NodeTestTask.java:95)\r\n\tat org.junit.platform.engine.support.hierarchical.SameThreadHierarchicalTestExecutorService.submit(SameThreadHierarchicalTestExecutorService.java:35)\r\n\tat org.junit.platform.engine.support.hierarchical.HierarchicalTestExecutor.execute(HierarchicalTestExecutor.java:57)\r\n\tat org.junit.platform.engine.support.hierarchical.HierarchicalTestEngine.execute(HierarchicalTestEngine.java:54)\r\n\tat org.junit.platform.launcher.core.EngineExecutionOrchestrator.execute(EngineExecutionOrchestrator.java:147)\r\n\tat org.junit.platform.launcher.core.EngineExecutionOrchestrator.execute(EngineExecutionOrchestrator.java:127)\r\n\tat org.junit.platform.launcher.core.EngineExecutionOrchestrator.execute(EngineExecutionOrchestrator.java:90)\r\n\tat org.junit.platform.launcher.core.EngineExecutionOrchestrator.lambda$execute$0(EngineExecutionOrchestrator.java:55)\r\n\tat org.junit.platform.launcher.core.EngineExecutionOrchestrator.withInterceptedStreams(EngineExecutionOrchestrator.java:102)\r\n\tat org.junit.platform.launcher.core.EngineExecutionOrchestrator.execute(EngineExecutionOrchestrator.java:54)\r\n\tat org.junit.platform.launcher.core.DefaultLauncher.execute(DefaultLauncher.java:114)\r\n\tat org.junit.platform.launcher.core.DefaultLauncher.execute(DefaultLauncher.java:86)\r\n\tat org.junit.platform.launcher.core.DefaultLauncherSession$DelegatingLauncher.execute(DefaultLauncherSession.java:86)\r\n\tat org.junit.platform.launcher.core.SessionPerRequestLauncher.execute(SessionPerRequestLauncher.java:53)\r\n\tat com.intellij.junit5.JUnit5IdeaTestRunner.startRunnerWithArgs(JUnit5IdeaTestRunner.java:71)\r\n\tat com.intellij.rt.junit.IdeaTestRunner$Repeater$1.execute(IdeaTestRunner.java:38)\r\n\tat com.intellij.rt.execution.junit.TestsRepeater.repeat(TestsRepeater.java:11)\r\n\tat com.intellij.rt.junit.IdeaTestRunner$Repeater.startRunnerWithArgs(IdeaTestRunner.java:35)\r\n\tat com.intellij.rt.junit.JUnitStarter.prepareStreamsAndStart(JUnitStarter.java:235)\r\n\tat com.intellij.rt.junit.JUnitStarter.main(JUnitStarter.java:54)\r\nCaused by: com.microsoft.playwright.impl.DriverException: Error {\n  message='Unexpected token \"/\" while parsing selector \"/html/body/div[2]/div/ul/li[6]/a\"\n  name='Error\n  stack='Error: Unexpected token \"/\" while parsing selector \"/html/body/div[2]/div/ul/li[6]/a\"\n    at unexpected (C:\\Users\\njank\\AppData\\Local\\Temp\\playwright-java-9115028047206957122\\package\\lib\\utils\\isomorphic\\cssParser.js:68:12)\n    at consumeSimpleSelector (C:\\Users\\njank\\AppData\\Local\\Temp\\playwright-java-9115028047206957122\\package\\lib\\utils\\isomorphic\\cssParser.js:208:15)\n    at consumeComplexSelector (C:\\Users\\njank\\AppData\\Local\\Temp\\playwright-java-9115028047206957122\\package\\lib\\utils\\isomorphic\\cssParser.js:140:19)\n    at consumeArgument (C:\\Users\\njank\\AppData\\Local\\Temp\\playwright-java-9115028047206957122\\package\\lib\\utils\\isomorphic\\cssParser.js:120:12)\n    at consumeFunctionArguments (C:\\Users\\njank\\AppData\\Local\\Temp\\playwright-java-9115028047206957122\\package\\lib\\utils\\isomorphic\\cssParser.js:107:21)\n    at parseCSS (C:\\Users\\njank\\AppData\\Local\\Temp\\playwright-java-9115028047206957122\\package\\lib\\utils\\isomorphic\\cssParser.js:228:18)\n    at parseSelector (C:\\Users\\njank\\AppData\\Local\\Temp\\playwright-java-9115028047206957122\\package\\lib\\utils\\isomorphic\\selectorParser.js:50:49)\n    at splitSelectorByFrame (C:\\Users\\njank\\AppData\\Local\\Temp\\playwright-java-9115028047206957122\\package\\lib\\utils\\isomorphic\\selectorParser.js:99:20)\n    at FrameSelectors.resolveFrameForSelector (C:\\Users\\njank\\AppData\\Local\\Temp\\playwright-java-9115028047206957122\\package\\lib\\server\\frameSelectors.js:110:66)\n    at FrameSelectors.resolveInjectedForSelector (C:\\Users\\njank\\AppData\\Local\\Temp\\playwright-java-9115028047206957122\\package\\lib\\server\\frameSelectors.js:152:33)\n}\nCall log:\n- waiting for /html/body/div[2]/div/ul/li[6]/a\n\r\n\tat com.microsoft.playwright.impl.Connection.dispatch(Connection.java:257)\r\n\tat com.microsoft.playwright.impl.Connection.processOneMessage(Connection.java:209)\r\n\tat com.microsoft.playwright.impl.ChannelOwner.runUntil(ChannelOwner.java:118)\r\n\t... 82 more\r\n"},"stage":"finished","description":"","steps":[],"attachments":[],"parameters":[],"start":1755719547791,"stop":1755719548997}